TN:
SF:C:\Users\rulo\Projects\elementary-editor\src\lib\DraftRenderer\DraftRenderer.js
FN:5,(anonymous_0)
FN:7,(anonymous_1)
FNF:2
FNH:2
FNDA:2,(anonymous_0)
FNDA:18,(anonymous_1)
DA:5,3
DA:7,3
DA:9,18
DA:10,1
DA:12,17
DA:14,17
DA:15,1
DA:17,16
LF:8
LH:8
BRDA:9,0,0,1
BRDA:9,0,1,17
BRDA:14,1,0,1
BRDA:14,1,1,16
BRF:4
BRH:4
end_of_record
TN:
SF:C:\Users\rulo\Projects\elementary-editor\src\lib\DraftRenderer\Renderers.js
FN:28,(anonymous_0)
FN:28,(anonymous_1)
FN:34,(anonymous_2)
FN:35,(anonymous_3)
FN:36,(anonymous_4)
FN:41,(anonymous_5)
FN:41,(anonymous_6)
FN:42,(anonymous_7)
FN:43,(anonymous_8)
FN:43,(anonymous_9)
FN:44,(anonymous_10)
FN:45,(anonymous_11)
FN:45,(anonymous_12)
FN:46,(anonymous_13)
FN:46,(anonymous_14)
FN:51,(anonymous_15)
FN:52,(anonymous_16)
FN:53,(anonymous_17)
FN:54,(anonymous_18)
FN:55,(anonymous_19)
FNF:20
FNH:20
FNDA:2,(anonymous_0)
FNDA:2,(anonymous_1)
FNDA:4,(anonymous_2)
FNDA:1,(anonymous_3)
FNDA:1,(anonymous_4)
FNDA:14,(anonymous_5)
FNDA:14,(anonymous_6)
FNDA:1,(anonymous_7)
FNDA:1,(anonymous_8)
FNDA:1,(anonymous_9)
FNDA:1,(anonymous_10)
FNDA:1,(anonymous_11)
FNDA:3,(anonymous_12)
FNDA:1,(anonymous_13)
FNDA:3,(anonymous_14)
FNDA:1,(anonymous_15)
FNDA:1,(anonymous_16)
FNDA:1,(anonymous_17)
FNDA:1,(anonymous_18)
FNDA:1,(anonymous_19)
DA:9,3
DA:28,3
DA:30,3
DA:34,4
DA:35,1
DA:36,1
DA:41,14
DA:42,1
DA:43,1
DA:44,1
DA:45,3
DA:46,3
DA:51,1
DA:52,1
DA:53,1
DA:54,1
DA:55,1
LF:17
LH:17
BRF:0
BRH:0
end_of_record
TN:
SF:C:\Users\rulo\Projects\elementary-editor\src\lib\Editor\BaseEditor.js
FN:4,(anonymous_0)
FNF:1
FNH:1
FNDA:6,(anonymous_0)
DA:4,1
DA:6,6
DA:8,6
DA:9,1
DA:24,5
LF:5
LH:5
BRDA:8,0,0,1
BRDA:8,0,1,5
BRF:2
BRH:2
end_of_record
TN:
SF:C:\Users\rulo\Projects\elementary-editor\src\lib\Editor\Controls.js
FN:6,(anonymous_0)
FN:45,(anonymous_1)
FN:54,(anonymous_2)
FN:63,(anonymous_3)
FNF:4
FNH:4
FNDA:7,(anonymous_0)
FNDA:16,(anonymous_1)
FNDA:22,(anonymous_2)
FNDA:24,(anonymous_3)
DA:6,1
DA:23,7
DA:25,7
DA:26,1
DA:42,6
DA:46,16
DA:55,22
DA:64,24
LF:8
LH:8
BRDA:25,0,0,1
BRDA:25,0,1,6
BRF:2
BRH:2
end_of_record
TN:
SF:C:\Users\rulo\Projects\elementary-editor\src\lib\Editor\Editor.js
FN:52,(anonymous_0)
FN:62,(anonymous_1)
FN:67,(anonymous_2)
FN:94,(anonymous_3)
FN:96,(anonymous_4)
FN:97,(anonymous_5)
FN:113,(anonymous_6)
FN:118,(anonymous_7)
FN:122,(anonymous_8)
FN:127,(anonymous_9)
FN:137,(anonymous_10)
FN:146,(anonymous_11)
FN:156,(anonymous_12)
FN:162,(anonymous_13)
FN:175,(anonymous_14)
FN:199,(anonymous_15)
FN:203,(anonymous_16)
FN:204,(anonymous_17)
FN:212,(anonymous_18)
FN:216,(anonymous_19)
FN:218,(anonymous_20)
FN:225,(anonymous_21)
FN:228,(anonymous_22)
FN:228,(anonymous_23)
FN:231,(anonymous_24)
FN:251,(anonymous_25)
FN:272,(anonymous_26)
FN:276,(anonymous_27)
FN:282,(anonymous_28)
FN:284,(anonymous_29)
FN:301,(anonymous_30)
FN:325,(anonymous_31)
FN:330,(anonymous_32)
FN:347,(anonymous_33)
FN:355,(anonymous_34)
FNF:35
FNH:7
FNDA:6,(anonymous_0)
FNDA:0,(anonymous_1)
FNDA:0,(anonymous_2)
FNDA:0,(anonymous_3)
FNDA:0,(anonymous_4)
FNDA:24,(anonymous_5)
FNDA:0,(anonymous_6)
FNDA:0,(anonymous_7)
FNDA:0,(anonymous_8)
FNDA:0,(anonymous_9)
FNDA:22,(anonymous_10)
FNDA:16,(anonymous_11)
FNDA:1,(anonymous_12)
FNDA:0,(anonymous_13)
FNDA:4,(anonymous_14)
FNDA:0,(anonymous_15)
FNDA:0,(anonymous_16)
FNDA:0,(anonymous_17)
FNDA:0,(anonymous_18)
FNDA:0,(anonymous_19)
FNDA:0,(anonymous_20)
FNDA:0,(anonymous_21)
FNDA:0,(anonymous_22)
FNDA:0,(anonymous_23)
FNDA:0,(anonymous_24)
FNDA:0,(anonymous_25)
FNDA:0,(anonymous_26)
FNDA:0,(anonymous_27)
FNDA:0,(anonymous_28)
FNDA:0,(anonymous_29)
FNDA:0,(anonymous_30)
FNDA:0,(anonymous_31)
FNDA:1,(anonymous_32)
FNDA:0,(anonymous_33)
FNDA:0,(anonymous_34)
DA:43,1
DA:45,1
DA:50,1
DA:52,1
DA:54,6
DA:56,6
DA:59,6
DA:60,5
DA:63,0
DA:68,0
DA:74,6
DA:76,6
DA:77,4
DA:79,2
DA:80,2
DA:81,2
DA:84,6
DA:87,6
DA:88,6
DA:89,6
DA:90,6
DA:91,6
DA:94,6
DA:95,6
DA:96,6
DA:97,24
DA:99,6
DA:103,6
DA:106,6
DA:107,4
DA:109,2
DA:110,2
DA:113,6
DA:114,0
DA:115,0
DA:118,6
DA:119,0
DA:122,6
DA:123,0
DA:124,0
DA:127,6
DA:129,0
DA:130,0
DA:131,0
DA:133,0
DA:134,0
DA:137,6
DA:138,22
DA:139,22
DA:143,22
DA:146,6
DA:148,16
DA:150,16
DA:151,0
DA:153,16
DA:156,6
DA:157,1
DA:158,1
DA:159,0
DA:162,6
DA:164,0
DA:165,0
DA:167,0
DA:168,0
DA:169,0
DA:172,0
DA:175,6
DA:177,4
DA:178,4
DA:180,4
DA:181,0
DA:187,4
DA:188,0
DA:194,4
DA:195,0
DA:200,0
DA:201,0
DA:203,0
DA:204,0
DA:209,4
DA:212,6
DA:213,0
DA:216,6
DA:217,0
DA:218,0
DA:219,0
DA:222,0
DA:225,6
DA:226,0
DA:227,0
DA:228,0
DA:231,6
DA:232,0
DA:233,0
DA:234,0
DA:236,0
DA:237,0
DA:239,0
DA:240,0
DA:242,0
DA:243,0
DA:244,0
DA:245,0
DA:248,0
DA:251,6
DA:252,0
DA:254,0
DA:256,0
DA:257,0
DA:259,0
DA:262,0
DA:263,0
DA:264,0
DA:267,0
DA:268,0
DA:272,6
DA:273,0
DA:276,6
DA:277,0
DA:278,0
DA:279,0
DA:282,6
DA:284,6
DA:286,0
DA:288,0
DA:290,0
DA:291,0
DA:293,0
DA:298,0
DA:301,6
DA:303,0
DA:305,0
DA:308,0
DA:309,0
DA:312,0
DA:313,0
DA:314,0
DA:317,0
DA:320,0
DA:321,0
DA:325,6
DA:326,0
DA:327,0
DA:330,6
DA:331,1
DA:332,1
DA:338,6
DA:339,6
DA:341,6
DA:342,6
DA:343,0
DA:347,6
DA:348,0
DA:349,0
DA:350,0
DA:351,0
DA:355,6
DA:356,0
DA:363,6
LF:159
LH:74
BRDA:59,0,0,5
BRDA:59,0,1,1
BRDA:76,1,0,4
BRDA:76,1,1,2
BRDA:103,2,0,4
BRDA:103,2,1,2
BRDA:106,3,0,4
BRDA:106,3,1,2
BRDA:150,4,0,0
BRDA:150,4,1,16
BRDA:158,5,0,0
BRDA:158,5,1,1
BRDA:167,6,0,0
BRDA:167,6,1,0
BRDA:180,7,0,0
BRDA:180,7,1,4
BRDA:180,8,0,4
BRDA:180,8,1,4
BRDA:180,8,2,4
BRDA:187,9,0,0
BRDA:187,9,1,4
BRDA:194,10,0,0
BRDA:194,10,1,4
BRDA:219,11,0,0
BRDA:219,11,1,0
BRDA:236,12,0,0
BRDA:236,12,1,0
BRDA:239,13,0,0
BRDA:239,13,1,0
BRDA:239,14,0,0
BRDA:239,14,1,0
BRDA:242,15,0,0
BRDA:242,15,1,0
BRDA:256,16,0,0
BRDA:256,16,1,0
BRDA:267,17,0,0
BRDA:267,17,1,0
BRDA:305,18,0,0
BRDA:305,18,1,0
BRDA:305,18,2,0
BRDA:320,19,0,0
BRDA:320,19,1,0
BRDA:341,20,0,6
BRDA:341,20,1,0
BRDA:342,21,0,0
BRDA:342,21,1,6
BRF:46
BRH:18
end_of_record
TN:
SF:C:\Users\rulo\Projects\elementary-editor\src\lib\Editor\EditorStyles.js
FN:30,(anonymous_0)
FN:41,(anonymous_1)
FN:55,(anonymous_2)
FNF:3
FNH:3
FNDA:1,(anonymous_0)
FNDA:3,(anonymous_1)
FNDA:2,(anonymous_2)
DA:26,2
DA:30,2
DA:32,1
DA:33,1
DA:34,1
DA:36,1
DA:38,1
DA:41,2
DA:43,3
DA:44,3
DA:45,3
DA:48,3
DA:49,3
DA:50,3
DA:52,3
DA:55,2
DA:56,2
DA:58,2
DA:59,1
DA:62,1
DA:68,2
DA:77,2
DA:85,2
DA:136,2
LF:24
LH:24
BRDA:58,0,0,1
BRDA:58,0,1,1
BRF:2
BRH:2
end_of_record
TN:
SF:C:\Users\rulo\Projects\elementary-editor\src\lib\Editor\StyleButton.js
FN:7,(anonymous_0)
FN:22,(anonymous_1)
FN:31,(anonymous_2)
FNF:3
FNH:3
FNDA:63,(anonymous_0)
FNDA:2,(anonymous_1)
FNDA:2,(anonymous_2)
DA:7,1
DA:16,63
DA:18,63
DA:19,63
DA:20,63
DA:22,63
DA:23,2
DA:24,2
DA:27,63
DA:31,2
LF:10
LH:10
BRDA:19,0,0,2
BRDA:19,0,1,61
BRF:2
BRH:2
end_of_record
TN:
SF:C:\Users\rulo\Projects\elementary-editor\src\lib\Editor\URLInput.js
FN:9,(anonymous_0)
FNF:1
FNH:1
FNDA:1,(anonymous_0)
DA:9,1
DA:11,1
DA:13,1
LF:3
LH:3
BRF:0
BRH:0
end_of_record
TN:
SF:C:\Users\rulo\Projects\elementary-editor\src\lib\Editor\utils.js
FN:3,(anonymous_0)
FN:21,(anonymous_1)
FN:22,(anonymous_2)
FN:31,(anonymous_3)
FN:34,(anonymous_4)
FN:37,(anonymous_5)
FN:38,(anonymous_6)
FN:41,(anonymous_7)
FN:49,(anonymous_8)
FN:63,(anonymous_9)
FNF:10
FNH:10
FNDA:3,(anonymous_0)
FNDA:2,(anonymous_1)
FNDA:2,(anonymous_2)
FNDA:1,(anonymous_3)
FNDA:1,(anonymous_4)
FNDA:10,(anonymous_5)
FNDA:50,(anonymous_6)
FNDA:3,(anonymous_7)
FNDA:2,(anonymous_8)
FNDA:2,(anonymous_9)
DA:3,2
DA:4,3
DA:6,3
DA:8,1
DA:9,1
DA:11,1
DA:12,1
DA:14,1
DA:17,3
DA:21,2
DA:22,2
DA:23,2
DA:24,2
DA:31,2
DA:32,1
DA:34,2
DA:35,1
DA:37,2
DA:38,50
DA:41,2
DA:42,3
DA:49,2
DA:50,2
DA:51,2
DA:52,2
DA:53,2
DA:54,2
DA:55,2
DA:56,2
DA:58,2
DA:60,2
DA:63,2
DA:64,2
DA:65,2
DA:66,2
DA:68,2
LF:36
LH:36
BRDA:6,0,0,1
BRDA:6,0,1,1
BRDA:6,0,2,1
BRDA:25,1,0,2
BRDA:25,1,1,2
BRF:5
BRH:5
end_of_record
TN:
SF:C:\Users\rulo\Projects\elementary-editor\src\lib\Editor\TextElements\Latex\Buttons.js
FN:9,(anonymous_0)
FNF:1
FNH:1
FNDA:2,(anonymous_0)
DA:9,2
DA:10,2
DA:11,1
DA:24,1
LF:4
LH:4
BRDA:10,0,0,1
BRDA:10,0,1,1
BRF:2
BRH:2
end_of_record
TN:
SF:C:\Users\rulo\Projects\elementary-editor\src\lib\Editor\TextElements\Latex\EditPanel.js
FN:12,(anonymous_0)
FNF:1
FNH:1
FNDA:2,(anonymous_0)
DA:5,2
DA:7,2
DA:12,2
DA:21,2
DA:23,2
DA:24,1
DA:26,1
LF:7
LH:7
BRDA:23,0,0,1
BRDA:23,0,1,1
BRF:2
BRH:2
end_of_record
TN:
SF:C:\Users\rulo\Projects\elementary-editor\src\lib\Editor\TextElements\Latex\KatexOutput.js
FN:4,(anonymous_0)
FN:9,(anonymous_1)
FN:14,(anonymous_2)
FN:23,(anonymous_3)
FN:26,(anonymous_4)
FNF:5
FNH:4
FNDA:2,(anonymous_0)
FNDA:2,(anonymous_1)
FNDA:0,(anonymous_2)
FNDA:2,(anonymous_3)
FNDA:1,(anonymous_4)
DA:4,2
DA:6,2
DA:7,2
DA:9,2
DA:11,2
DA:12,0
DA:14,2
DA:15,0
DA:23,2
DA:24,2
DA:26,2
DA:27,1
DA:28,1
DA:32,2
LF:14
LH:12
BRDA:11,0,0,0
BRDA:11,0,1,2
BRF:2
BRH:1
end_of_record
TN:
SF:C:\Users\rulo\Projects\elementary-editor\src\lib\Editor\TextElements\Latex\LatexBlock.js
FN:4,(anonymous_0)
FN:9,(anonymous_1)
FN:13,(anonymous_2)
FN:22,(anonymous_3)
FN:25,(anonymous_4)
FNF:5
FNH:3
FNDA:2,(anonymous_0)
FNDA:1,(anonymous_1)
FNDA:0,(anonymous_2)
FNDA:1,(anonymous_3)
FNDA:0,(anonymous_4)
DA:4,4
DA:6,2
DA:7,2
DA:9,2
DA:10,1
DA:11,0
DA:13,1
DA:14,0
DA:22,2
DA:23,1
DA:25,1
DA:26,0
DA:27,0
DA:31,2
LF:14
LH:10
BRDA:10,0,0,0
BRDA:10,0,1,1
BRF:2
BRH:1
end_of_record
TN:
SF:C:\Users\rulo\Projects\elementary-editor\src\lib\Editor\TextElements\Latex\TeXBlock.js
FN:6,(anonymous_0)
FN:11,(anonymous_1)
FN:24,(anonymous_2)
FN:33,(anonymous_3)
FN:49,(anonymous_4)
FN:56,(anonymous_5)
FN:61,(anonymous_6)
FN:66,(anonymous_7)
FN:71,(anonymous_8)
FNF:9
FNH:5
FNDA:0,(anonymous_0)
FNDA:2,(anonymous_1)
FNDA:1,(anonymous_2)
FNDA:0,(anonymous_3)
FNDA:0,(anonymous_4)
FNDA:1,(anonymous_5)
FNDA:0,(anonymous_6)
FNDA:2,(anonymous_7)
FNDA:2,(anonymous_8)
DA:6,2
DA:7,0
DA:8,0
DA:11,2
DA:13,2
DA:14,2
DA:15,2
DA:16,2
DA:22,2
DA:24,2
DA:25,1
DA:26,0
DA:28,1
DA:29,1
DA:30,1
DA:33,2
DA:34,0
DA:35,0
DA:37,0
DA:39,0
DA:42,0
DA:44,0
DA:45,0
DA:49,2
DA:50,0
DA:51,0
DA:52,0
DA:56,2
DA:57,1
DA:58,1
DA:61,2
DA:62,0
DA:63,0
DA:66,2
DA:67,2
DA:68,2
DA:71,2
DA:72,2
DA:73,0
DA:74,0
DA:79,0
DA:80,0
DA:86,2
DA:87,2
DA:88,1
DA:90,1
DA:93,2
DA:95,2
LF:48
LH:29
BRDA:25,0,0,0
BRDA:25,0,1,1
BRDA:72,1,0,0
BRDA:72,1,1,2
BRDA:72,2,0,2
BRDA:72,2,1,1
BRDA:72,2,2,1
BRDA:87,3,0,1
BRDA:87,3,1,1
BRDA:88,4,0,0
BRDA:88,4,1,1
BRDA:93,5,0,1
BRDA:93,5,1,1
BRF:13
BRH:10
end_of_record
TN:
SF:C:\Users\rulo\Projects\elementary-editor\src\lib\Editor\TextElements\Latex\texUtils.js
FN:6,(anonymous_0)
FN:14,(anonymous_1)
FNF:2
FNH:2
FNDA:2,(anonymous_0)
FNDA:1,(anonymous_1)
DA:4,2
DA:6,2
DA:7,2
DA:14,2
DA:16,1
DA:17,1
DA:19,1
DA:26,1
DA:27,1
DA:33,1
DA:34,1
DA:36,1
LF:12
LH:12
BRF:0
BRH:0
end_of_record
TN:
SF:C:\Users\rulo\Projects\elementary-editor\src\lib\Editor\TextElements\Link\Link.js
FN:4,(anonymous_0)
FNF:1
FNH:1
FNDA:1,(anonymous_0)
DA:4,2
DA:5,1
DA:6,1
DA:7,1
DA:9,1
LF:5
LH:5
BRF:0
BRH:0
end_of_record
TN:
SF:C:\Users\rulo\Projects\elementary-editor\src\lib\Editor\TextElements\Link\RenderLink.js
FN:3,(anonymous_0)
FNF:1
FNH:1
FNDA:3,(anonymous_0)
DA:3,4
DA:4,3
LF:2
LH:2
BRF:0
BRH:0
end_of_record
TN:
SF:C:\Users\rulo\Projects\elementary-editor\src\lib\Editor\TextElements\Media\Media.js
FN:4,(anonymous_0)
FNF:1
FNH:1
FNDA:2,(anonymous_0)
DA:4,4
DA:7,2
DA:9,2
DA:10,1
DA:11,1
DA:13,1
DA:14,1
DA:17,1
DA:20,1
LF:9
LH:9
BRDA:9,0,0,1
BRDA:9,0,1,1
BRDA:9,1,0,2
BRDA:9,1,1,2
BRDA:13,2,0,1
BRDA:13,2,1,0
BRF:6
BRH:5
end_of_record
TN:
SF:C:\Users\rulo\Projects\elementary-editor\src\lib\Editor\TextElements\QuoteBlock\QuoteBlock.js
FN:5,(anonymous_0)
FNF:1
FNH:1
FNDA:2,(anonymous_0)
DA:5,2
DA:6,2
DA:8,2
LF:3
LH:3
BRF:0
BRH:0
end_of_record
TN:
SF:C:\Users\rulo\Projects\elementary-editor\src\lib\Editor\TextElements\QuoteBlock\QuoteBlockWrapper.js
FN:4,(anonymous_0)
FNF:1
FNH:1
FNDA:1,(anonymous_0)
DA:4,2
DA:5,1
DA:7,1
DA:9,1
LF:4
LH:4
BRF:0
BRH:0
end_of_record
TN:
SF:C:\Users\rulo\Projects\elementary-editor\src\lib\Editor\TextElements\Spoiler\Spoiler.js
FN:4,(anonymous_0)
FN:8,(anonymous_1)
FNF:2
FNH:2
FNDA:4,(anonymous_0)
FNDA:1,(anonymous_1)
DA:4,4
DA:5,4
DA:6,4
DA:8,4
DA:9,1
DA:10,1
DA:13,4
LF:7
LH:7
BRDA:9,0,0,0
BRDA:9,0,1,1
BRF:2
BRH:1
end_of_record
TN:
SF:C:\Users\rulo\Projects\elementary-editor\src\lib\Editor\TextElements\Spoiler\SpoilerWrapper.js
FN:4,(anonymous_0)
FNF:1
FNH:1
FNDA:1,(anonymous_0)
DA:4,2
DA:5,1
LF:2
LH:2
BRF:0
BRH:0
end_of_record
